<?xml version="1.0" encoding="UTF-8"?>
<!-- Generated by org.testng.reporters.JUnitReportReporter -->
<testsuite hostname="DESKTOP-E3C3U7T" name="TestNG.DependencyTest" tests="3" failures="0" timestamp="21 Oct 2018 18:30:25 GMT" time="7.599" errors="0">
  <testcase name="ChangePassTest" time="0.008" classname="TestNG.DependencyTest"/>
  <testcase name="LoginTest" time="0.031" classname="TestNG.DependencyTest"/>
  <testcase name="LogoutTest" time="7.560" classname="TestNG.DependencyTest"/>
</testsuite> <!-- TestNG.DependencyTest -->
