<?xml version="1.0" encoding="UTF-8"?>
<!-- Generated by org.testng.reporters.JUnitReportReporter -->
<testsuite hostname="DESKTOP-E3C3U7T" name="TestNG.TestB" tests="1" failures="0" timestamp="20 Oct 2018 08:31:15 GMT" time="0.006" errors="0">
  <testcase name="f" time="0.006" classname="TestNG.TestB"/>
</testsuite> <!-- TestNG.TestB -->
