<?xml version="1.0" encoding="UTF-8"?>
<!-- Generated by org.testng.reporters.JUnitReportReporter -->
<testsuite hostname="DESKTOP-E3C3U7T" name="TestNG.NewTest1" tests="1" failures="0" timestamp="18 Oct 2018 04:34:13 GMT" time="0.031" errors="0">
  <testcase name="NewTest1" time="0.031" classname="TestNG.NewTest1"/>
</testsuite> <!-- TestNG.NewTest1 -->
