<?xml version="1.0" encoding="UTF-8"?>
<!-- Generated by org.testng.reporters.JUnitReportReporter -->
<testsuite hostname="DESKTOP-E3C3U7T" name="TestNG.TestA" tests="1" failures="0" timestamp="18 Oct 2018 06:12:47 GMT" time="2.034" errors="0">
  <testcase name="TestMethod" time="2.034" classname="TestNG.TestA"/>
</testsuite> <!-- TestNG.TestA -->
