<?xml version="1.0" encoding="UTF-8"?>
<!-- Generated by org.testng.reporters.JUnitReportReporter -->
<testsuite hostname="DESKTOP-E3C3U7T" name="TestNG.AutomationNG" tests="1" failures="0" timestamp="17 Oct 2018 04:47:28 GMT" time="0.016" errors="0">
  <testcase name="f" time="0.016" classname="TestNG.AutomationNG"/>
</testsuite> <!-- TestNG.AutomationNG -->
