<?xml version="1.0" encoding="UTF-8"?>
<!-- Generated by org.testng.reporters.JUnitReportReporter -->
<testsuite hostname="DESKTOP-E3C3U7T" name="TestNG.DisableEnableTest" tests="2" failures="0" timestamp="16 Oct 2018 04:56:17 GMT" time="0.047" errors="0">
  <testcase name="Hotel" time="0.031" classname="TestNG.DisableEnableTest"/>
  <testcase name="car" time="0.016" classname="TestNG.DisableEnableTest"/>
</testsuite> <!-- TestNG.DisableEnableTest -->
