<?xml version="1.0" encoding="UTF-8"?>
<!-- Generated by org.testng.reporters.JUnitReportReporter -->
<testsuite hostname="DESKTOP-E3C3U7T" name="TestNG.ParameterClass" tests="3" failures="0" timestamp="21 Oct 2018 17:08:20 GMT" time="0.047" errors="0">
  <testcase name="loginTest" time="0.031" classname="TestNG.ParameterClass"/>
  <testcase name="loginTest" time="0.016" classname="TestNG.ParameterClass"/>
  <testcase name="loginTest" time="0.000" classname="TestNG.ParameterClass"/>
</testsuite> <!-- TestNG.ParameterClass -->
